********************************************************************************
*                             Initializing Cubiquity                           *
********************************************************************************
[21:21:37, Info   ]: Creating voxel database from 'C:/Workspace/Unity Projects/cubiquity/Assets/StreamingAssets/Cubiquity/VoxelDatabases/3d-simplex-noise-296002784.vdb'
[21:21:37, Error  ]: Encountered 'unable to open database file' (error code 14) when executing 'sqlite3_open_v2(pathToExistingVoxelDatabase.c_str(), &(voxelDatabase->mDatabase), flags, NULL)'
[21:21:37, Error  ]: Caught 'DatabaseError' at C interface. Message reads: "Encountered 'unable to open database file' (error code 14) when executing 'sqlite3_open_v2(pathToExistingVoxelDatabase.c_str(), &(voxelDatabase->mDatabase), flags, NULL)'"
[21:21:38, Info   ]: Creating empty voxel database as 'C:/Workspace/Unity Projects/cubiquity/Assets/StreamingAssets/Cubiquity/VoxelDatabases/3d-simplex-noise-1731854151.vdb'
[21:21:46, Info   ]: Resizing compressed data buffer to 288486bytes. This should only happen once
[21:21:48, Info   ]: Creating voxel database from 'C:/Workspace/Unity Projects/cubiquity/Assets/StreamingAssets/Cubiquity/VoxelDatabases/3d-simplex-noise-1731854151.vdb'
[21:23:56, Info   ]: Creating empty voxel database as 'C:/Workspace/Unity Projects/cubiquity/Assets/StreamingAssets/Cubiquity/VoxelDatabases/3d-simplex-noise-303657477.vdb'
[21:24:06, Info   ]: Resizing compressed data buffer to 288486bytes. This should only happen once
[21:24:06, Info   ]: Creating empty voxel database as 'C:/Workspace/Unity Projects/cubiquity/Assets/StreamingAssets/Cubiquity/VoxelDatabases/3d-simplex-noise-1943132382.vdb'
[22:24:49, Info   ]: Resizing compressed data buffer to 288486bytes. This should only happen once
[22:24:51, Info   ]: Creating empty voxel database as 'C:/Workspace/Unity Projects/cubiquity/Assets/StreamingAssets/Cubiquity/VoxelDatabases/3d-simplex-noise-252474662.vdb'
[22:25:24, Info   ]: Resizing compressed data buffer to 288486bytes. This should only happen once
[22:25:24, Info   ]: Creating empty voxel database as 'C:/Workspace/Unity Projects/cubiquity/Assets/StreamingAssets/Cubiquity/VoxelDatabases/3d-simplex-noise-524875430.vdb'
[00:07:37, Info   ]: Resizing compressed data buffer to 288486bytes. This should only happen once
********************************************************************************
*                             Shutting down Cubiquity                          *
********************************************************************************

